2026-05-13 15:08:53,385 - INFO - Model trainig initialized..
2026-05-13 15:08:53,385 - ERROR - Error while loading data [Errno 2] No such file or directory: 'artifacted/processed\\x_train.pkl'
2026-05-13 15:10:06,013 - INFO - Model trainig initialized..
2026-05-13 15:10:06,207 - INFO - Data loaded succesfully...
2026-05-13 15:10:06,435 - ERROR - Error while model training [Errno 13] Permission denied: 'artifacts/models'
2026-05-13 15:11:55,600 - INFO - Model trainig initialized..
2026-05-13 15:11:55,603 - INFO - Data loaded succesfully...
2026-05-13 15:11:55,682 - INFO - Model train and saved successfully..
2026-05-13 15:11:55,748 - INFO - Accuracy_score: 1.0
2026-05-13 15:11:55,748 - INFO - Precision_score: 1.0
2026-05-13 15:11:55,759 - INFO - F1_score: 1.0
2026-05-13 15:11:58,023 - INFO - Confusion matrix save successfully...
2026-05-13 18:21:40,418 - INFO - Data loaded successfully...
2026-05-13 18:21:40,439 - INFO - Handling outliers...
2026-05-13 18:21:40,518 - INFO - Handle outliers
2026-05-13 18:21:40,624 - INFO - Data splitted
2026-05-13 18:21:40,698 - INFO - Saved datafiles...
2026-05-13 18:21:40,698 - INFO - Model trainig initialized..
2026-05-13 18:21:40,710 - INFO - Data loaded succesfully...
2026-05-13 18:21:40,792 - INFO - Model train and saved successfully..
2026-05-13 18:21:40,845 - INFO - Accuracy_score: 1.0
2026-05-13 18:21:40,845 - INFO - Precision_score: 1.0
2026-05-13 18:21:40,845 - INFO - F1_score: 1.0
2026-05-13 18:21:42,310 - INFO - Confusion matrix save successfully...
